#
# A fatal error has been detected by the Java Runtime Environment:
#
#  SIGSEGV (0xb) at pc=0x00007f75a50693fa, pid=5486, tid=140142152345344
#
# JRE version: Java(TM) SE Runtime Environment (8.0_20-b26) (build 1.8.0_20-b26)
# Java VM: Java HotSpot(TM) 64-Bit Server VM (25.20-b23 mixed mode linux-amd64 compressed oops)
# Problematic frame:
# v  ~BufferBlob::jni_fast_GetLongField
#
# Failed to write core dump. Core dumps have been disabled. To enable core dumping, try "ulimit -c unlimited" before starting Java again
#
# If you would like to submit a bug report, please visit:
#   http://bugreport.sun.com/bugreport/crash.jsp
# The crash happened outside the Java Virtual Machine in native code.
# See problematic frame for where to report the bug.
#

---------------  T H R E A D  ---------------

Current thread (0x00007f75b4215800):  JavaThread "AWT-XAWT" daemon [_thread_in_native, id=5507, stack(0x00007f7563256000,0x00007f7563357000)]

siginfo: si_signo: 11 (SIGSEGV), si_code: 1 (SEGV_MAPERR), si_addr: 0x0000000000000000

Registers:
RAX=0x00007f75bab17b40, RBX=0x00007f75b42159e8, RCX=0x00007f75bb571320, RDX=0x0000000000000042
RSP=0x00007f75633557f8, RBP=0x00007f7563355820, RSI=0x0000000000000000, RDI=0x00007f75b42159e8
R8 =0x0000000000000005, R9 =0x0000000000000000, R10=0x000000000000002a, R11=0x00007f75a53322d8
R12=0x00007f754c116810, R13=0x0000000000000000, R14=0x00007f759ce6a7c0, R15=0x00007f75b4215800
RIP=0x00007f75a50693fa, EFLAGS=0x0000000000010246, CSGSFS=0x0000000000000033, ERR=0x0000000000000004
  TRAPNO=0x000000000000000e

Top of Stack: (sp=0x00007f75633557f8)
0x00007f75633557f8:   00007f759cc490a1 00007f759f324600
0x00007f7563355808:   00007f754c116810 00007f75633558d0
0x00007f7563355818:   00007f75633558a0 0000000000000000
0x00007f7563355828:   00007f759c72cae8 00007f759f324600
0x00007f7563355838:   00007f7563355860 0000000000000000
0x00007f7563355848:   00007f759c7249a3 00007f75633558d0
0x00007f7563355858:   00007f759cc4239f 00007f75633558b0
0x00007f7563355868:   00007f75a5332376 0000000000000000
0x00007f7563355878:   00007f75a5218df6 00007f75633558d0
0x00007f7563355888:   00007f75a51120ec 00007f7563355930
0x00007f7563355898:   000000076d002b80 000000076d003930
0x00007f75633558a8:   0000000000000001 00007f7563355930
0x00007f75633558b8:   00007f75a5007160 00007f7563355930
0x00007f75633558c8:   00007f75a5007160 0000000000000000
0x00007f75633558d8:   00007f75a50074a0 00007f7554002e20
0x00007f75633558e8:   000000076d347ca0 00007f75633558f0
0x00007f75633558f8:   00007f759f2e8f9c 00007f7563355978
0x00007f7563355908:   00007f759f300b18 0000000000000000
0x00007f7563355918:   00007f759f2e90d0 00007f75633558d0
0x00007f7563355928:   00007f7563355970 00007f75633559c0
0x00007f7563355938:   00007f75a500798d 0000000000000000
0x00007f7563355948:   000000076d810f60 0000000000000000
0x00007f7563355958:   0000000000000000 0000000000000000
0x00007f7563355968:   000000076d347ca0 0000000000000000
0x00007f7563355978:   000000076d2427b8 00007f7563355980
0x00007f7563355988:   00007f759f2e8ddd 00007f75633559d0
0x00007f7563355998:   00007f759f300b18 0000000000000000
0x00007f75633559a8:   00007f759f2e8de8 00007f7563355970
0x00007f75633559b8:   00007f75633559d0 00007f7563355a18
0x00007f75633559c8:   00007f75a50079d2 000000076d2427b8
0x00007f75633559d8:   00007f75633559d8 00007f759f06346b
0x00007f75633559e8:   00007f7563355a28 00007f759f0d6340 

Instructions: (pc=0x00007f75a50693fa)
0x00007f75a50693da:   00 00 00 00 00 00 44 8b 15 01 5c ae 15 4c 8b ce
0x00007f75a50693ea:   41 f6 c2 01 0f 85 2e 00 00 00 4d 33 ca 4d 33 ca
0x00007f75a50693fa:   4d 8b 09 4c 8b da 49 c1 eb 02 4b 8b 04 19 49 bb
0x00007f75a506940a:   e8 ef b4 ba 75 7f 00 00 4c 33 d8 4c 33 d8 45 3b 

Register to memory mapping:

RAX=0x00007f75bab17b40: <offset 0xf20b40> in /usr/lib/jvm/java-8-oracle/jre/lib/amd64/server/libjvm.so at 0x00007f75b9bf7000
RBX=0x00007f75b42159e8 is an unknown value
RCX=0x00007f75bb571320: <offset 0x219320> in /lib/x86_64-linux-gnu/libpthread.so.0 at 0x00007f75bb358000
RDX=0x0000000000000042 is an unknown value
RSP=0x00007f75633557f8 is pointing into the stack for thread: 0x00007f75b4215800
RBP=0x00007f7563355820 is pointing into the stack for thread: 0x00007f75b4215800
RSI=0x0000000000000000 is an unknown value
RDI=0x00007f75b42159e8 is an unknown value
R8 =0x0000000000000005 is an unknown value
R9 =0x0000000000000000 is an unknown value
R10=0x000000000000002a is an unknown value
R11=0x00007f75a53322d8 is at entry_point+24 in (nmethod*)0x00007f75a5332150
R12=0x00007f754c116810 is an unknown value
R13=0x0000000000000000 is an unknown value
R14=0x00007f759ce6a7c0: <offset 0x2587c0> in /usr/lib/jvm/java-8-oracle/jre/lib/amd64/libawt_xawt.so at 0x00007f759cc12000
R15=0x00007f75b4215800 is a thread


Stack: [0x00007f7563256000,0x00007f7563357000],  sp=0x00007f75633557f8,  free space=1021k
Native frames: (J=compiled Java code, j=interpreted, Vv=VM code, C=native code)
v  ~BufferBlob::jni_fast_GetLongField
C  [libX11.so.6+0x61ae8]  _XimServerDestroy+0x58

Java frames: (J=compiled Java code, j=interpreted, Vv=VM code)
J 841  sun.awt.X11.XlibWrapper.XFilterEvent(JJ)Z (0 bytes) @ 0x00007f75a5332304 [0x00007f75a53322c0+0x44]
j  sun.awt.X11.XToolkit.run(Z)V+300
j  sun.awt.X11.XToolkit.run()V+5
j  java.lang.Thread.run()V+11
v  ~StubRoutines::call_stub

---------------  P R O C E S S  ---------------

Java Threads: ( => current thread )
  0x00007f754c093000 JavaThread "TimerQueue" daemon [_thread_blocked, id=5510, stack(0x00007f75628ac000,0x00007f75629ad000)]
  0x00007f75b4009800 JavaThread "DestroyJavaVM" [_thread_blocked, id=5492, stack(0x00007f75bb671000,0x00007f75bb772000)]
  0x00007f75b421d800 JavaThread "AWT-EventQueue-0" [_thread_blocked, id=5509, stack(0x00007f7563054000,0x00007f7563155000)]
  0x00007f75b421c000 JavaThread "AWT-Shutdown" [_thread_blocked, id=5508, stack(0x00007f7563155000,0x00007f7563256000)]
=>0x00007f75b4215800 JavaThread "AWT-XAWT" daemon [_thread_in_native, id=5507, stack(0x00007f7563256000,0x00007f7563357000)]
  0x00007f75b41f6800 JavaThread "Java2D Disposer" daemon [_thread_blocked, id=5506, stack(0x00007f7588050000,0x00007f7588151000)]
  0x00007f75b40c0000 JavaThread "Service Thread" daemon [_thread_blocked, id=5504, stack(0x00007f759d23e000,0x00007f759d33f000)]
  0x00007f75b40b2800 JavaThread "C1 CompilerThread2" daemon [_thread_blocked, id=5503, stack(0x00007f759d33f000,0x00007f759d440000)]
  0x00007f75b40b0800 JavaThread "C2 CompilerThread1" daemon [_thread_blocked, id=5502, stack(0x00007f759d440000,0x00007f759d541000)]
  0x00007f75b40ad800 JavaThread "C2 CompilerThread0" daemon [_thread_blocked, id=5501, stack(0x00007f759d541000,0x00007f759d642000)]
  0x00007f75b40ab800 JavaThread "Signal Dispatcher" daemon [_thread_blocked, id=5500, stack(0x00007f759d642000,0x00007f759d743000)]
  0x00007f75b407c000 JavaThread "Finalizer" daemon [_thread_blocked, id=5499, stack(0x00007f759de25000,0x00007f759df26000)]
  0x00007f75b407a000 JavaThread "Reference Handler" daemon [_thread_blocked, id=5498, stack(0x00007f759df26000,0x00007f759e027000)]

Other Threads:
  0x00007f75b4073000 VMThread [stack: 0x00007f759e027000,0x00007f759e128000] [id=5497]
  0x00007f75b40c2800 WatcherThread [stack: 0x00007f759d13d000,0x00007f759d23e000] [id=5505]

VM state:not at safepoint (normal execution)

VM Mutex/Monitor currently owned by a thread: None

Heap:
 PSYoungGen      total 74752K, used 11614K [0x000000076cf80000, 0x0000000772280000, 0x00000007c0000000)
  eden space 64512K, 18% used [0x000000076cf80000,0x000000076dad78b8,0x0000000770e80000)
  from space 10240K, 0% used [0x0000000771880000,0x0000000771880000,0x0000000772280000)
  to   space 10240K, 0% used [0x0000000770e80000,0x0000000770e80000,0x0000000771880000)
 ParOldGen       total 171008K, used 0K [0x00000006c6e00000, 0x00000006d1500000, 0x000000076cf80000)
  object space 171008K, 0% used [0x00000006c6e00000,0x00000006c6e00000,0x00000006d1500000)
 Metaspace       used 12262K, capacity 12406K, committed 12672K, reserved 1060864K
  class space    used 1518K, capacity 1569K, committed 1664K, reserved 1048576K

Card table byte_map: [0x00007f75a4836000,0x00007f75a5000000] byte_map_base: 0x00007f75a11ff000

Marking Bits: (ParMarkBitMap*) 0x00007f75bab4eac0
 Begin Bits: [0x00007f7588370000, 0x00007f758c1b8000)
 End Bits:   [0x00007f758c1b8000, 0x00007f7590000000)

Polling page: 0x00007f75bb795000

CodeCache: size=245760Kb used=3304Kb max_used=3310Kb free=242456Kb
 bounds [0x00007f75a5000000, 0x00007f75a5340000, 0x00007f75b4000000]
 total_blobs=1401 nmethods=861 adapters=455
 compilation: enabled

Compilation events (10 events):
Event: 3476.146 Thread 0x00007f75b40b2800  855       3       sun.awt.X11.XMSelection::processRootEvent (32 bytes)
Event: 3476.147 Thread 0x00007f75b40b2800 nmethod 855 0x00007f75a5334e10 code [0x00007f75a5334fc0, 0x00007f75a5335398]
Event: 4226.251 Thread 0x00007f75b40b2800  857       3       sun.awt.X11.XToolkit::processXkbChanges (98 bytes)
Event: 4226.254 Thread 0x00007f75b40b2800 nmethod 857 0x00007f75a5337d50 code [0x00007f75a5337fe0, 0x00007f75a5338f28]
Event: 4226.254 Thread 0x00007f75b40b2800  858       3       sun.awt.X11.XkbEvent::<init> (30 bytes)
Event: 4226.254 Thread 0x00007f75b40b2800 nmethod 858 0x00007f75a5339750 code [0x00007f75a53398e0, 0x00007f75a5339ca8]
Event: 10337.301 Thread 0x00007f75b40ad800  859       4       java.lang.Long::valueOf (36 bytes)
Event: 10337.400 Thread 0x00007f75b40ad800 nmethod 859 0x00007f75a533cb90 code [0x00007f75a533cce0, 0x00007f75a533cdd8]
Event: 10338.144 Thread 0x00007f75b40b2800  861   !   3       sun.awt.X11.XToolkit::freeXKB (44 bytes)
Event: 10338.145 Thread 0x00007f75b40b2800 nmethod 861 0x00007f75a533ba50 code [0x00007f75a533bc40, 0x00007f75a533c4d8]

GC Heap History (0 events):
No events

Deoptimization events (6 events):
Event: 0.290 Thread 0x00007f75b421d800 Uncommon trap: reason=unreached action=reinterpret pc=0x00007f75a51c8890 method=java.lang.AbstractStringBuilder.append(Ljava/lang/String;)Ljava/lang/AbstractStringBuilder; @ 1
Event: 0.290 Thread 0x00007f75b421d800 Uncommon trap: reason=unreached action=reinterpret pc=0x00007f75a51b36c8 method=java.lang.AbstractStringBuilder.append(Ljava/lang/String;)Ljava/lang/AbstractStringBuilder; @ 1
Event: 0.317 Thread 0x00007f75b421d800 Uncommon trap: reason=class_check action=maybe_recompile pc=0x00007f75a51a3d18 method=java.lang.String.equals(Ljava/lang/Object;)Z @ 8
Event: 0.318 Thread 0x00007f75b421d800 Uncommon trap: reason=class_check action=maybe_recompile pc=0x00007f75a51a3d18 method=java.lang.String.equals(Ljava/lang/Object;)Z @ 8
Event: 0.322 Thread 0x00007f75b421d800 Uncommon trap: reason=class_check action=maybe_recompile pc=0x00007f75a51a3d18 method=java.lang.String.equals(Ljava/lang/Object;)Z @ 8
Event: 0.322 Thread 0x00007f75b421d800 Uncommon trap: reason=class_check action=maybe_recompile pc=0x00007f75a51a3d18 method=java.lang.String.equals(Ljava/lang/Object;)Z @ 8

Internal exceptions (10 events):
Event: 0.086 Thread 0x00007f75b4009800 Exception <a 'java/security/PrivilegedActionException'> (0x000000076cff6cc8) thrown at [/HUDSON/workspace/8-2-build-linux-amd64/jdk8u20/1074/hotspot/src/share/vm/prims/jvm.cpp, line 1275]
Event: 0.090 Thread 0x00007f75b4009800 Exception <a 'java/io/FileNotFoundException'> (0x000000076cfff448) thrown at [/HUDSON/workspace/8-2-build-linux-amd64/jdk8u20/1074/hotspot/src/share/vm/prims/jni.cpp, line 716]
Event: 0.090 Thread 0x00007f75b4009800 Exception <a 'java/io/FileNotFoundException'> (0x000000076cfffdd8) thrown at [/HUDSON/workspace/8-2-build-linux-amd64/jdk8u20/1074/hotspot/src/share/vm/prims/jni.cpp, line 716]
Event: 0.127 Thread 0x00007f75b4009800 Exception <a 'java/lang/ClassNotFoundException': java/lang/Null> (0x000000076d04d620) thrown at [/HUDSON/workspace/8-2-build-linux-amd64/jdk8u20/1074/hotspot/src/share/vm/classfile/systemDictionary.cpp, line 202]
Event: 0.141 Thread 0x00007f75b4009800 Exception <a 'java/lang/NoSuchFieldError': method resolution failed> (0x000000076d0b05a0) thrown at [/HUDSON/workspace/8-2-build-linux-amd64/jdk8u20/1074/hotspot/src/share/vm/prims/methodHandles.cpp, line 1159]
Event: 0.144 Thread 0x00007f75b4009800 Exception <a 'java/lang/NoSuchFieldError': method resolution failed> (0x000000076d0befd8) thrown at [/HUDSON/workspace/8-2-build-linux-amd64/jdk8u20/1074/hotspot/src/share/vm/prims/methodHandles.cpp, line 1159]
Event: 0.145 Thread 0x00007f75b4009800 Exception <a 'java/lang/NoSuchFieldError': method resolution failed> (0x000000076d0c2138) thrown at [/HUDSON/workspace/8-2-build-linux-amd64/jdk8u20/1074/hotspot/src/share/vm/prims/methodHandles.cpp, line 1159]
Event: 0.290 Thread 0x00007f75b421d800 Implicit null exception at 0x00007f75a51c84f3 to 0x00007f75a51c887d
Event: 0.290 Thread 0x00007f75b421d800 Implicit null exception at 0x00007f75a51b3335 to 0x00007f75a51b36b5
Event: 0.455 Thread 0x00007f75b421d800 Exception <a 'java/lang/UnsupportedOperationException': > (0x000000076d9b7a38) thrown at [/HUDSON/workspace/8-2-build-linux-amd64/jdk8u20/1074/hotspot/src/share/vm/prims/jni.cpp, line 742]

Events (10 events):
Event: 16.881 loading class javax/swing/plaf/basic/BasicPopupMenuUI$MouseGrabber$2
Event: 16.882 loading class javax/swing/plaf/basic/BasicPopupMenuUI$MouseGrabber$2 done
Event: 106.302 loading class sun/awt/X11/XUnmapEvent
Event: 106.302 loading class sun/awt/X11/XUnmapEvent done
Event: 1395.335 loading class sun/awt/X11/XkbEvent
Event: 1395.653 loading class sun/awt/X11/XkbEvent done
Event: 1395.653 loading class sun/awt/X11/XkbAnyEvent
Event: 1395.851 loading class sun/awt/X11/XkbAnyEvent done
Event: 19127.981 loading class sun/awt/X11/XDestroyWindowEvent
Event: 19131.385 loading class sun/awt/X11/XDestroyWindowEvent done


Dynamic libraries:
00400000-00401000 r-xp 00000000 08:06 6826269                            /usr/lib/jvm/java-8-oracle/bin/java
00600000-00601000 rw-p 00000000 08:06 6826269                            /usr/lib/jvm/java-8-oracle/bin/java
01c37000-01c58000 rw-p 00000000 00:00 0                                  [heap]
6c6e00000-6d1500000 rw-p 00000000 00:00 0 
6d1500000-76cf80000 ---p 00000000 00:00 0 
76cf80000-772280000 rw-p 00000000 00:00 0 
772280000-7c0000000 ---p 00000000 00:00 0 
7c0000000-7c01a0000 rw-p 00000000 00:00 0 
7c01a0000-800000000 ---p 00000000 00:00 0 
7f754c000000-7f754c12c000 rw-p 00000000 00:00 0 
7f754c12c000-7f7550000000 ---p 00000000 00:00 0 
7f7550000000-7f755027d000 rw-p 00000000 00:00 0 
7f755027d000-7f7554000000 ---p 00000000 00:00 0 
7f7554000000-7f7554281000 rw-p 00000000 00:00 0 
7f7554281000-7f7558000000 ---p 00000000 00:00 0 
7f7558000000-7f7558021000 rw-p 00000000 00:00 0 
7f7558021000-7f755c000000 ---p 00000000 00:00 0 
7f755c000000-7f755c021000 rw-p 00000000 00:00 0 
7f755c021000-7f7560000000 ---p 00000000 00:00 0 
7f75624ac000-7f756256c000 rw-p 00000000 00:00 0 
7f756256c000-7f75626ac000 ---p 00000000 00:00 0 
7f75626ac000-7f75628ac000 rw-p 00000000 00:00 0 
7f75628ac000-7f75628af000 ---p 00000000 00:00 0 
7f75628af000-7f75629ad000 rw-p 00000000 00:00 0                          [stack:5510]
7f75629ad000-7f7562a16000 r-xp 00000000 08:06 7625264                    /usr/lib/jvm/java-8-oracle/jre/lib/amd64/libt2k.so
7f7562a16000-7f7562c15000 ---p 00069000 08:06 7625264                    /usr/lib/jvm/java-8-oracle/jre/lib/amd64/libt2k.so
7f7562c15000-7f7562c1c000 rw-p 00068000 08:06 7625264                    /usr/lib/jvm/java-8-oracle/jre/lib/amd64/libt2k.so
7f7562c1c000-7f7562c2c000 rw-p 00000000 00:00 0 
7f7562c2c000-7f7562c3d000 r-xp 00000000 08:06 7625262                    /usr/lib/jvm/java-8-oracle/jre/lib/amd64/libnio.so
7f7562c3d000-7f7562e3c000 ---p 00011000 08:06 7625262                    /usr/lib/jvm/java-8-oracle/jre/lib/amd64/libnio.so
7f7562e3c000-7f7562e3d000 rw-p 00010000 08:06 7625262                    /usr/lib/jvm/java-8-oracle/jre/lib/amd64/libnio.so
7f7562e3d000-7f7562e53000 r-xp 00000000 08:06 7625316                    /usr/lib/jvm/java-8-oracle/jre/lib/amd64/libnet.so
7f7562e53000-7f7563053000 ---p 00016000 08:06 7625316                    /usr/lib/jvm/java-8-oracle/jre/lib/amd64/libnet.so
7f7563053000-7f7563054000 rw-p 00016000 08:06 7625316                    /usr/lib/jvm/java-8-oracle/jre/lib/amd64/libnet.so
7f7563054000-7f7563057000 ---p 00000000 00:00 0 
7f7563057000-7f7563155000 rw-p 00000000 00:00 0                          [stack:5509]
7f7563155000-7f7563158000 ---p 00000000 00:00 0 
7f7563158000-7f7563256000 rw-p 00000000 00:00 0                          [stack:5508]
7f7563256000-7f7563259000 ---p 00000000 00:00 0 
7f7563259000-7f7563357000 rw-p 00000000 00:00 0                          [stack:5507]
7f7563357000-7f756335c000 r-xp 00000000 08:06 6299226                    /usr/lib/x86_64-linux-gnu/libXfixes.so.3.1.0
7f756335c000-7f756355b000 ---p 00005000 08:06 6299226                    /usr/lib/x86_64-linux-gnu/libXfixes.so.3.1.0
7f756355b000-7f756355c000 r--p 00004000 08:06 6299226                    /usr/lib/x86_64-linux-gnu/libXfixes.so.3.1.0
7f756355c000-7f756355d000 rw-p 00005000 08:06 6299226                    /usr/lib/x86_64-linux-gnu/libXfixes.so.3.1.0
7f756355d000-7f7563566000 r-xp 00000000 08:06 6299218                    /usr/lib/x86_64-linux-gnu/libXcursor.so.1.0.2
7f7563566000-7f7563765000 ---p 00009000 08:06 6299218                    /usr/lib/x86_64-linux-gnu/libXcursor.so.1.0.2
7f7563765000-7f7563766000 r--p 00008000 08:06 6299218                    /usr/lib/x86_64-linux-gnu/libXcursor.so.1.0.2
7f7563766000-7f7563767000 rw-p 00009000 08:06 6299218                    /usr/lib/x86_64-linux-gnu/libXcursor.so.1.0.2
7f7563767000-7f756377d000 r-xp 00000000 08:06 266257                     /lib/x86_64-linux-gnu/libgcc_s.so.1
7f756377d000-7f756397c000 ---p 00016000 08:06 266257                     /lib/x86_64-linux-gnu/libgcc_s.so.1
7f756397c000-7f756397d000 rw-p 00015000 08:06 266257                     /lib/x86_64-linux-gnu/libgcc_s.so.1
7f756397d000-7f75639e2000 r-xp 00000000 08:06 7625307                    /usr/lib/jvm/java-8-oracle/jre/lib/amd64/libfontmanager.so
7f75639e2000-7f7563be1000 ---p 00065000 08:06 7625307                    /usr/lib/jvm/java-8-oracle/jre/lib/amd64/libfontmanager.so
7f7563be1000-7f7563be5000 rw-p 00064000 08:06 7625307                    /usr/lib/jvm/java-8-oracle/jre/lib/amd64/libfontmanager.so
7f7563be5000-7f7563bf6000 rw-p 00000000 00:00 0 
7f7563bf6000-7f7563bfb000 r-xp 00000000 08:06 6299222                    /usr/lib/x86_64-linux-gnu/libXdmcp.so.6.0.0
7f7563bfb000-7f7563dfa000 ---p 00005000 08:06 6299222                    /usr/lib/x86_64-linux-gnu/libXdmcp.so.6.0.0
7f7563dfa000-7f7563dfb000 r--p 00004000 08:06 6299222                    /usr/lib/x86_64-linux-gnu/libXdmcp.so.6.0.0
7f7563dfb000-7f7563dfc000 rw-p 00005000 08:06 6299222                    /usr/lib/x86_64-linux-gnu/libXdmcp.so.6.0.0
7f7563dfc000-7f7563dfe000 r-xp 00000000 08:06 6299211                    /usr/lib/x86_64-linux-gnu/libXau.so.6.0.0
7f7563dfe000-7f7563ffe000 ---p 00002000 08:06 6299211                    /usr/lib/x86_64-linux-gnu/libXau.so.6.0.0
7f7563ffe000-7f7563fff000 r--p 00002000 08:06 6299211                    /usr/lib/x86_64-linux-gnu/libXau.so.6.0.0
7f7563fff000-7f7564000000 rw-p 00003000 08:06 6299211                    /usr/lib/x86_64-linux-gnu/libXau.so.6.0.0
7f7564000000-7f7564021000 rw-p 00000000 00:00 0 
7f7564021000-7f7568000000 ---p 00000000 00:00 0 
7f7568000000-7f7568021000 rw-p 00000000 00:00 0 
7f7568021000-7f756c000000 ---p 00000000 00:00 0 
7f756c000000-7f756c0c7000 rw-p 00000000 00:00 0 
7f756c0c7000-7f7570000000 ---p 00000000 00:00 0 
7f7570000000-7f75706a5000 rw-p 00000000 00:00 0 
7f75706a5000-7f7574000000 ---p 00000000 00:00 0 
7f7574000000-7f7574021000 rw-p 00000000 00:00 0 
7f7574021000-7f7578000000 ---p 00000000 00:00 0 
7f7578000000-7f75780c9000 rw-p 00000000 00:00 0 
7f75780c9000-7f757c000000 ---p 00000000 00:00 0 
7f757c000000-7f757c021000 rw-p 00000000 00:00 0 
7f757c021000-7f7580000000 ---p 00000000 00:00 0 
7f7580000000-7f7580021000 rw-p 00000000 00:00 0 
7f7580021000-7f7584000000 ---p 00000000 00:00 0 
7f7584000000-7f7584021000 rw-p 00000000 00:00 0 
7f7584021000-7f7588000000 ---p 00000000 00:00 0 
7f7588050000-7f7588053000 ---p 00000000 00:00 0 
7f7588053000-7f7588151000 rw-p 00000000 00:00 0                          [stack:5506]
7f7588151000-7f758816e000 r-xp 00000000 08:06 6300281                    /usr/lib/x86_64-linux-gnu/libxcb.so.1.1.0
7f758816e000-7f758836e000 ---p 0001d000 08:06 6300281                    /usr/lib/x86_64-linux-gnu/libxcb.so.1.1.0
7f758836e000-7f758836f000 r--p 0001d000 08:06 6300281                    /usr/lib/x86_64-linux-gnu/libxcb.so.1.1.0
7f758836f000-7f7588370000 rw-p 0001e000 08:06 6300281                    /usr/lib/x86_64-linux-gnu/libxcb.so.1.1.0
7f7588370000-7f7590000000 rw-p 00000000 00:00 0 
7f7590000000-7f7590021000 rw-p 00000000 00:00 0 
7f7590021000-7f7594000000 ---p 00000000 00:00 0 
7f7594000000-7f7594021000 rw-p 00000000 00:00 0 
7f7594021000-7f7598000000 ---p 00000000 00:00 0 
7f7598000000-7f7598021000 rw-p 00000000 00:00 0 
7f7598021000-7f759c000000 ---p 00000000 00:00 0 
7f759c0ab000-7f759c0ba000 r-xp 00000000 08:06 6299232                    /usr/lib/x86_64-linux-gnu/libXi.so.6.1.0
7f759c0ba000-7f759c2b9000 ---p 0000f000 08:06 6299232                    /usr/lib/x86_64-linux-gnu/libXi.so.6.1.0
7f759c2b9000-7f759c2ba000 r--p 0000e000 08:06 6299232                    /usr/lib/x86_64-linux-gnu/libXi.so.6.1.0
7f759c2ba000-7f759c2bb000 rw-p 0000f000 08:06 6299232                    /usr/lib/x86_64-linux-gnu/libXi.so.6.1.0
7f759c2bb000-7f759c2c0000 r-xp 00000000 08:06 6299252                    /usr/lib/x86_64-linux-gnu/libXtst.so.6.1.0
7f759c2c0000-7f759c4bf000 ---p 00005000 08:06 6299252                    /usr/lib/x86_64-linux-gnu/libXtst.so.6.1.0
7f759c4bf000-7f759c4c0000 r--p 00004000 08:06 6299252                    /usr/lib/x86_64-linux-gnu/libXtst.so.6.1.0
7f759c4c0000-7f759c4c1000 rw-p 00005000 08:06 6299252                    /usr/lib/x86_64-linux-gnu/libXtst.so.6.1.0
7f759c4c1000-7f759c4ca000 r-xp 00000000 08:06 6299246                    /usr/lib/x86_64-linux-gnu/libXrender.so.1.3.0
7f759c4ca000-7f759c6c9000 ---p 00009000 08:06 6299246                    /usr/lib/x86_64-linux-gnu/libXrender.so.1.3.0
7f759c6c9000-7f759c6ca000 r--p 00008000 08:06 6299246                    /usr/lib/x86_64-linux-gnu/libXrender.so.1.3.0
7f759c6ca000-7f759c6cb000 rw-p 00009000 08:06 6299246                    /usr/lib/x86_64-linux-gnu/libXrender.so.1.3.0
7f759c6cb000-7f759c7fb000 r-xp 00000000 08:06 6299207                    /usr/lib/x86_64-linux-gnu/libX11.so.6.3.0
7f759c7fb000-7f759c9fb000 ---p 00130000 08:06 6299207                    /usr/lib/x86_64-linux-gnu/libX11.so.6.3.0
7f759c9fb000-7f759c9fc000 r--p 00130000 08:06 6299207                    /usr/lib/x86_64-linux-gnu/libX11.so.6.3.0
7f759c9fc000-7f759ca00000 rw-p 00131000 08:06 6299207                    /usr/lib/x86_64-linux-gnu/libX11.so.6.3.0
7f759ca00000-7f759ca11000 r-xp 00000000 08:06 6299224                    /usr/lib/x86_64-linux-gnu/libXext.so.6.4.0
7f759ca11000-7f759cc10000 ---p 00011000 08:06 6299224                    /usr/lib/x86_64-linux-gnu/libXext.so.6.4.0
7f759cc10000-7f759cc11000 r--p 00010000 08:06 6299224                    /usr/lib/x86_64-linux-gnu/libXext.so.6.4.0
7f759cc11000-7f759cc12000 rw-p 00011000 08:06 6299224                    /usr/lib/x86_64-linux-gnu/libXext.so.6.4.0
7f759cc12000-7f759cc66000 r-xp 00000000 08:06 7625283                    /usr/lib/jvm/java-8-oracle/jre/lib/amd64/libawt_xawt.so
7f759cc66000-7f759ce66000 ---p 00054000 08:06 7625283                    /usr/lib/jvm/java-8-oracle/jre/lib/amd64/libawt_xawt.so
7f759ce66000-7f759ce6a000 rw-p 00054000 08:06 7625283                    /usr/lib/jvm/java-8-oracle/jre/lib/amd64/libawt_xawt.so
7f759ce6a000-7f759ce6b000 rw-p 00000000 00:00 0 
7f759ce6b000-7f759cf0d000 r-xp 00000000 08:06 7625280                    /usr/lib/jvm/java-8-oracle/jre/lib/amd64/libawt.so
7f759cf0d000-7f759d10d000 ---p 000a2000 08:06 7625280                    /usr/lib/jvm/java-8-oracle/jre/lib/amd64/libawt.so
7f759d10d000-7f759d119000 rw-p 000a2000 08:06 7625280                    /usr/lib/jvm/java-8-oracle/jre/lib/amd64/libawt.so
7f759d119000-7f759d13d000 rw-p 00000000 00:00 0 
7f759d13d000-7f759d13e000 ---p 00000000 00:00 0 
7f759d13e000-7f759d23e000 rw-p 00000000 00:00 0                          [stack:5505]
7f759d23e000-7f759d241000 ---p 00000000 00:00 0 
7f759d241000-7f759d33f000 rw-p 00000000 00:00 0                          [stack:5504]
7f759d33f000-7f759d342000 ---p 00000000 00:00 0 
7f759d342000-7f759d440000 rw-p 00000000 00:00 0                          [stack:5503]
7f759d440000-7f759d443000 ---p 00000000 00:00 0 
7f759d443000-7f759d541000 rw-p 00000000 00:00 0                          [stack:5502]
7f759d541000-7f759d544000 ---p 00000000 00:00 0 
7f759d544000-7f759d642000 rw-p 00000000 00:00 0                          [stack:5501]
7f759d642000-7f759d645000 ---p 00000000 00:00 0 
7f759d645000-7f759d743000 rw-p 00000000 00:00 0                          [stack:5500]
7f759d743000-7f759de25000 r--p 00000000 08:06 6298220                    /usr/lib/locale/locale-archive
7f759de25000-7f759de28000 ---p 00000000 00:00 0 
7f759de28000-7f759df26000 rw-p 00000000 00:00 0                          [stack:5499]
7f759df26000-7f759df29000 ---p 00000000 00:00 0 
7f759df29000-7f759e027000 rw-p 00000000 00:00 0                          [stack:5498]
7f759e027000-7f759e028000 ---p 00000000 00:00 0 
7f759e028000-7f75a0000000 rw-p 00000000 00:00 0                          [stack:5497]
7f75a0000000-7f75a0021000 rw-p 00000000 00:00 0 
7f75a0021000-7f75a4000000 ---p 00000000 00:00 0 
7f75a400a000-7f75a412f000 rw-p 00000000 00:00 0 
7f75a412f000-7f75a4305000 r--s 03ca8000 08:06 7346949                    /usr/lib/jvm/java-8-oracle/jre/lib/rt.jar
7f75a4305000-7f75a4359000 rw-p 00000000 00:00 0 
7f75a4359000-7f75a4836000 ---p 00000000 00:00 0 
7f75a4836000-7f75a488a000 rw-p 00000000 00:00 0 
7f75a488a000-7f75a4d66000 ---p 00000000 00:00 0 
7f75a4d66000-7f75a4d91000 rw-p 00000000 00:00 0 
7f75a4d91000-7f75a4fff000 ---p 00000000 00:00 0 
7f75a4fff000-7f75a5000000 rw-p 00000000 00:00 0 
7f75a5000000-7f75a5340000 rwxp 00000000 00:00 0 
7f75a5340000-7f75b4000000 ---p 00000000 00:00 0 
7f75b4000000-7f75b4220000 rw-p 00000000 00:00 0 
7f75b4220000-7f75b8000000 ---p 00000000 00:00 0 
7f75b801d000-7f75b8093000 rw-p 00000000 00:00 0 
7f75b8093000-7f75b8094000 ---p 00000000 00:00 0 
7f75b8094000-7f75b8194000 rw-p 00000000 00:00 0                          [stack:5496]
7f75b8194000-7f75b8195000 ---p 00000000 00:00 0 
7f75b8195000-7f75b8295000 rw-p 00000000 00:00 0                          [stack:5495]
7f75b8295000-7f75b8296000 ---p 00000000 00:00 0 
7f75b8296000-7f75b8396000 rw-p 00000000 00:00 0                          [stack:5494]
7f75b8396000-7f75b8397000 ---p 00000000 00:00 0 
7f75b8397000-7f75b84a4000 rw-p 00000000 00:00 0                          [stack:5493]
7f75b84a4000-7f75b8857000 ---p 00000000 00:00 0 
7f75b8857000-7f75b8871000 r-xp 00000000 08:06 7625319                    /usr/lib/jvm/java-8-oracle/jre/lib/amd64/libzip.so
7f75b8871000-7f75b8a71000 ---p 0001a000 08:06 7625319                    /usr/lib/jvm/java-8-oracle/jre/lib/amd64/libzip.so
7f75b8a71000-7f75b8a72000 rw-p 0001a000 08:06 7625319                    /usr/lib/jvm/java-8-oracle/jre/lib/amd64/libzip.so
7f75b8a72000-7f75b8a7d000 r-xp 00000000 08:06 262243                     /lib/x86_64-linux-gnu/libnss_files-2.19.so
7f75b8a7d000-7f75b8c7c000 ---p 0000b000 08:06 262243                     /lib/x86_64-linux-gnu/libnss_files-2.19.so
7f75b8c7c000-7f75b8c7d000 r--p 0000a000 08:06 262243                     /lib/x86_64-linux-gnu/libnss_files-2.19.so
7f75b8c7d000-7f75b8c7e000 rw-p 0000b000 08:06 262243                     /lib/x86_64-linux-gnu/libnss_files-2.19.so
7f75b8c7e000-7f75b8c89000 r-xp 00000000 08:06 262244                     /lib/x86_64-linux-gnu/libnss_nis-2.19.so
7f75b8c89000-7f75b8e88000 ---p 0000b000 08:06 262244                     /lib/x86_64-linux-gnu/libnss_nis-2.19.so
7f75b8e88000-7f75b8e89000 r--p 0000a000 08:06 262244                     /lib/x86_64-linux-gnu/libnss_nis-2.19.so
7f75b8e89000-7f75b8e8a000 rw-p 0000b000 08:06 262244                     /lib/x86_64-linux-gnu/libnss_nis-2.19.so
7f75b8e8a000-7f75b8ea1000 r-xp 00000000 08:06 262170                     /lib/x86_64-linux-gnu/libnsl-2.19.so
7f75b8ea1000-7f75b90a0000 ---p 00017000 08:06 262170                     /lib/x86_64-linux-gnu/libnsl-2.19.so
7f75b90a0000-7f75b90a1000 r--p 00016000 08:06 262170                     /lib/x86_64-linux-gnu/libnsl-2.19.so
7f75b90a1000-7f75b90a2000 rw-p 00017000 08:06 262170                     /lib/x86_64-linux-gnu/libnsl-2.19.so
7f75b90a2000-7f75b90a4000 rw-p 00000000 00:00 0 
7f75b90a4000-7f75b90ad000 r-xp 00000000 08:06 262149                     /lib/x86_64-linux-gnu/libnss_compat-2.19.so
7f75b90ad000-7f75b92ac000 ---p 00009000 08:06 262149                     /lib/x86_64-linux-gnu/libnss_compat-2.19.so
7f75b92ac000-7f75b92ad000 r--p 00008000 08:06 262149                     /lib/x86_64-linux-gnu/libnss_compat-2.19.so
7f75b92ad000-7f75b92ae000 rw-p 00009000 08:06 262149                     /lib/x86_64-linux-gnu/libnss_compat-2.19.so
7f75b92ae000-7f75b92d8000 r-xp 00000000 08:06 7625317                    /usr/lib/jvm/java-8-oracle/jre/lib/amd64/libjava.so
7f75b92d8000-7f75b94d8000 ---p 0002a000 08:06 7625317                    /usr/lib/jvm/java-8-oracle/jre/lib/amd64/libjava.so
7f75b94d8000-7f75b94da000 rw-p 0002a000 08:06 7625317                    /usr/lib/jvm/java-8-oracle/jre/lib/amd64/libjava.so
7f75b94da000-7f75b94e7000 r-xp 00000000 08:06 7625312                    /usr/lib/jvm/java-8-oracle/jre/lib/amd64/libverify.so
7f75b94e7000-7f75b96e7000 ---p 0000d000 08:06 7625312                    /usr/lib/jvm/java-8-oracle/jre/lib/amd64/libverify.so
7f75b96e7000-7f75b96e9000 rw-p 0000d000 08:06 7625312                    /usr/lib/jvm/java-8-oracle/jre/lib/amd64/libverify.so
7f75b96e9000-7f75b96f0000 r-xp 00000000 08:06 262174                     /lib/x86_64-linux-gnu/librt-2.19.so
7f75b96f0000-7f75b98ef000 ---p 00007000 08:06 262174                     /lib/x86_64-linux-gnu/librt-2.19.so
7f75b98ef000-7f75b98f0000 r--p 00006000 08:06 262174                     /lib/x86_64-linux-gnu/librt-2.19.so
7f75b98f0000-7f75b98f1000 rw-p 00007000 08:06 262174                     /lib/x86_64-linux-gnu/librt-2.19.so
7f75b98f1000-7f75b99f6000 r-xp 00000000 08:06 262239                     /lib/x86_64-linux-gnu/libm-2.19.so
7f75b99f6000-7f75b9bf5000 ---p 00105000 08:06 262239                     /lib/x86_64-linux-gnu/libm-2.19.so
7f75b9bf5000-7f75b9bf6000 r--p 00104000 08:06 262239                     /lib/x86_64-linux-gnu/libm-2.19.so
7f75b9bf6000-7f75b9bf7000 rw-p 00105000 08:06 262239                     /lib/x86_64-linux-gnu/libm-2.19.so
7f75b9bf7000-7f75ba861000 r-xp 00000000 08:06 7625309                    /usr/lib/jvm/java-8-oracle/jre/lib/amd64/server/libjvm.so
7f75ba861000-7f75baa60000 ---p 00c6a000 08:06 7625309                    /usr/lib/jvm/java-8-oracle/jre/lib/amd64/server/libjvm.so
7f75baa60000-7f75bab37000 rw-p 00c69000 08:06 7625309                    /usr/lib/jvm/java-8-oracle/jre/lib/amd64/server/libjvm.so
7f75bab37000-7f75bab79000 rw-p 00000000 00:00 0 
7f75bab79000-7f75bad34000 r-xp 00000000 08:06 262236                     /lib/x86_64-linux-gnu/libc-2.19.so
7f75bad34000-7f75baf34000 ---p 001bb000 08:06 262236                     /lib/x86_64-linux-gnu/libc-2.19.so
7f75baf34000-7f75baf38000 r--p 001bb000 08:06 262236                     /lib/x86_64-linux-gnu/libc-2.19.so
7f75baf38000-7f75baf3a000 rw-p 001bf000 08:06 262236                     /lib/x86_64-linux-gnu/libc-2.19.so
7f75baf3a000-7f75baf3f000 rw-p 00000000 00:00 0 
7f75baf3f000-7f75baf42000 r-xp 00000000 08:06 262248                     /lib/x86_64-linux-gnu/libdl-2.19.so
7f75baf42000-7f75bb141000 ---p 00003000 08:06 262248                     /lib/x86_64-linux-gnu/libdl-2.19.so
7f75bb141000-7f75bb142000 r--p 00002000 08:06 262248                     /lib/x86_64-linux-gnu/libdl-2.19.so
7f75bb142000-7f75bb143000 rw-p 00003000 08:06 262248                     /lib/x86_64-linux-gnu/libdl-2.19.so
7f75bb143000-7f75bb158000 r-xp 00000000 08:06 6690035                    /usr/lib/jvm/java-8-oracle/lib/amd64/jli/libjli.so
7f75bb158000-7f75bb357000 ---p 00015000 08:06 6690035                    /usr/lib/jvm/java-8-oracle/lib/amd64/jli/libjli.so
7f75bb357000-7f75bb358000 rw-p 00014000 08:06 6690035                    /usr/lib/jvm/java-8-oracle/lib/amd64/jli/libjli.so
7f75bb358000-7f75bb371000 r-xp 00000000 08:06 266047                     /lib/x86_64-linux-gnu/libpthread-2.19.so
7f75bb371000-7f75bb570000 ---p 00019000 08:06 266047                     /lib/x86_64-linux-gnu/libpthread-2.19.so
7f75bb570000-7f75bb571000 r--p 00018000 08:06 266047                     /lib/x86_64-linux-gnu/libpthread-2.19.so
7f75bb571000-7f75bb572000 rw-p 00019000 08:06 266047                     /lib/x86_64-linux-gnu/libpthread-2.19.so
7f75bb572000-7f75bb576000 rw-p 00000000 00:00 0 
7f75bb576000-7f75bb599000 r-xp 00000000 08:06 262237                     /lib/x86_64-linux-gnu/ld-2.19.so
7f75bb5a0000-7f75bb671000 rw-p 00000000 00:00 0 
7f75bb671000-7f75bb674000 ---p 00000000 00:00 0 
7f75bb674000-7f75bb776000 rw-p 00000000 00:00 0                          [stack:5492]
7f75bb78c000-7f75bb794000 rw-s 00000000 08:06 5770187                    /tmp/hsperfdata_danilo/5486
7f75bb794000-7f75bb795000 rw-p 00000000 00:00 0 
7f75bb795000-7f75bb796000 r--p 00000000 00:00 0 
7f75bb796000-7f75bb798000 rw-p 00000000 00:00 0 
7f75bb798000-7f75bb799000 r--p 00022000 08:06 262237                     /lib/x86_64-linux-gnu/ld-2.19.so
7f75bb799000-7f75bb79a000 rw-p 00023000 08:06 262237                     /lib/x86_64-linux-gnu/ld-2.19.so
7f75bb79a000-7f75bb79b000 rw-p 00000000 00:00 0 
7fff6b72a000-7fff6b74b000 rw-p 00000000 00:00 0                          [stack]
7fff6b7ea000-7fff6b7ec000 r-xp 00000000 00:00 0                          [vdso]
ffffffffff600000-ffffffffff601000 r-xp 00000000 00:00 0                  [vsyscall]

VM Arguments:
jvm_args: -Dfile.encoding=UTF-8 
java_command: Client
java_class_path (initial): /home/danilo/workspace/JavaApplication/Assignment2/bin
Launcher Type: SUN_STANDARD

Environment Variables:
JAVA_HOME=/usr/lib/jvm/java-8-oracle
PATH=/usr/local/sbin:/usr/local/bin:/usr/sbin:/usr/bin:/sbin:/bin:/usr/games:/usr/local/games:/usr/lib/jvm/java-8-oracle/bin:/usr/lib/jvm/java-8-oracle/db/bin:/usr/lib/jvm/java-8-oracle/jre/bin
SHELL=/bin/bash
DISPLAY=:0

Signal Handlers:
SIGSEGV: [libjvm.so+0xa77530], sa_mask[0]=11111111011111111101111111111110, sa_flags=SA_RESTART|SA_SIGINFO
SIGBUS: [libjvm.so+0xa77530], sa_mask[0]=11111111011111111101111111111110, sa_flags=SA_RESTART|SA_SIGINFO
SIGFPE: [libjvm.so+0x8e1d90], sa_mask[0]=11111111011111111101111111111110, sa_flags=SA_RESTART|SA_SIGINFO
SIGPIPE: [libjvm.so+0x8e1d90], sa_mask[0]=11111111011111111101111111111110, sa_flags=SA_RESTART|SA_SIGINFO
SIGXFSZ: [libjvm.so+0x8e1d90], sa_mask[0]=11111111011111111101111111111110, sa_flags=SA_RESTART|SA_SIGINFO
SIGILL: [libjvm.so+0x8e1d90], sa_mask[0]=11111111011111111101111111111110, sa_flags=SA_RESTART|SA_SIGINFO
SIGUSR1: SIG_DFL, sa_mask[0]=00000000000000000000000000000000, sa_flags=none
SIGUSR2: [libjvm.so+0x8e35c0], sa_mask[0]=00100000000000000000000000000000, sa_flags=SA_RESTART|SA_SIGINFO
SIGHUP: [libjvm.so+0x8e4980], sa_mask[0]=11111111011111111101111111111110, sa_flags=SA_RESTART|SA_SIGINFO
SIGINT: [libjvm.so+0x8e4980], sa_mask[0]=11111111011111111101111111111110, sa_flags=SA_RESTART|SA_SIGINFO
SIGTERM: [libjvm.so+0x8e4980], sa_mask[0]=11111111011111111101111111111110, sa_flags=SA_RESTART|SA_SIGINFO
SIGQUIT: [libjvm.so+0x8e4980], sa_mask[0]=11111111011111111101111111111110, sa_flags=SA_RESTART|SA_SIGINFO


---------------  S Y S T E M  ---------------

OS:DISTRIB_ID=Ubuntu
DISTRIB_RELEASE=14.04
DISTRIB_CODENAME=trusty
DISTRIB_DESCRIPTION="Ubuntu 14.04.1 LTS"

uname:Linux 3.13.0-36-generic #63-Ubuntu SMP Wed Sep 3 21:30:07 UTC 2014 x86_64
libc:glibc 2.19 NPTL 2.19 
rlimit: STACK 8192k, CORE 0k, NPROC 127331, NOFILE 4096, AS infinity
load average:27.54 8.60 3.93

/proc/meminfo:
MemTotal:       16319992 kB
MemFree:         6952760 kB
Buffers:           10292 kB
Cached:          1181944 kB
SwapCached:        86720 kB
Active:          7418392 kB
Inactive:        1375652 kB
Active(anon):    7325316 kB
Inactive(anon):  1208264 kB
Active(file):      93076 kB
Inactive(file):   167388 kB
Unevictable:          16 kB
Mlocked:              16 kB
SwapTotal:       9764860 kB
SwapFree:        7665992 kB
Dirty:              1436 kB
Writeback:             0 kB
AnonPages:       7528760 kB
Mapped:           423988 kB
Shmem:            931520 kB
Slab:             286040 kB
SReclaimable:     193868 kB
SUnreclaim:        92172 kB
KernelStack:       22520 kB
PageTables:        91392 kB
NFS_Unstable:          0 kB
Bounce:                0 kB
WritebackTmp:          0 kB
CommitLimit:    17924856 kB
Committed_AS:   48370656 kB
VmallocTotal:   34359738367 kB
VmallocUsed:      586016 kB
VmallocChunk:   34359126012 kB
HardwareCorrupted:     0 kB
AnonHugePages:   3551232 kB
HugePages_Total:       0
HugePages_Free:        0
HugePages_Rsvd:        0
HugePages_Surp:        0
Hugepagesize:       2048 kB
DirectMap4k:      541440 kB
DirectMap2M:    16121856 kB
DirectMap1G:           0 kB


CPU:total 4 (2 cores per cpu, 2 threads per core) family 6 model 69 stepping 1, cmov, cx8, fxsr, mmx, sse, sse2, sse3, ssse3, sse4.1, sse4.2, popcnt, avx, avx2, aes, clmul, erms, lzcnt, ht, tsc, tscinvbit, bmi1, bmi2

/proc/cpuinfo:
processor	: 0
vendor_id	: GenuineIntel
cpu family	: 6
model		: 69
model name	: Intel(R) Core(TM) i7-4500U CPU @ 1.80GHz
stepping	: 1
microcode	: 0x17
cpu MHz		: 1800.000
cache size	: 4096 KB
physical id	: 0
siblings	: 4
core id		: 0
cpu cores	: 2
apicid		: 0
initial apicid	: 0
fpu		: yes
fpu_exception	: yes
cpuid level	: 13
wp		: yes
flags		: fpu vme de pse tsc msr pae mce cx8 apic sep mtrr pge mca cmov pat pse36 clflush dts acpi mmx fxsr sse sse2 ss ht tm pbe syscall nx pdpe1gb rdtscp lm constant_tsc arch_perfmon pebs bts rep_good nopl xtopology nonstop_tsc aperfmperf eagerfpu pni pclmulqdq dtes64 monitor ds_cpl vmx est tm2 ssse3 fma cx16 xtpr pdcm pcid sse4_1 sse4_2 movbe popcnt tsc_deadline_timer aes xsave avx f16c rdrand lahf_lm abm ida arat epb xsaveopt pln pts dtherm tpr_shadow vnmi flexpriority ept vpid fsgsbase tsc_adjust bmi1 avx2 smep bmi2 erms invpcid
bogomips	: 4789.16
clflush size	: 64
cache_alignment	: 64
address sizes	: 39 bits physical, 48 bits virtual
power management:

processor	: 1
vendor_id	: GenuineIntel
cpu family	: 6
model		: 69
model name	: Intel(R) Core(TM) i7-4500U CPU @ 1.80GHz
stepping	: 1
microcode	: 0x17
cpu MHz		: 1800.000
cache size	: 4096 KB
physical id	: 0
siblings	: 4
core id		: 0
cpu cores	: 2
apicid		: 1
initial apicid	: 1
fpu		: yes
fpu_exception	: yes
cpuid level	: 13
wp		: yes
flags		: fpu vme de pse tsc msr pae mce cx8 apic sep mtrr pge mca cmov pat pse36 clflush dts acpi mmx fxsr sse sse2 ss ht tm pbe syscall nx pdpe1gb rdtscp lm constant_tsc arch_perfmon pebs bts rep_good nopl xtopology nonstop_tsc aperfmperf eagerfpu pni pclmulqdq dtes64 monitor ds_cpl vmx est tm2 ssse3 fma cx16 xtpr pdcm pcid sse4_1 sse4_2 movbe popcnt tsc_deadline_timer aes xsave avx f16c rdrand lahf_lm abm ida arat epb xsaveopt pln pts dtherm tpr_shadow vnmi flexpriority ept vpid fsgsbase tsc_adjust bmi1 avx2 smep bmi2 erms invpcid
bogomips	: 4789.16
clflush size	: 64
cache_alignment	: 64
address sizes	: 39 bits physical, 48 bits virtual
power management:

processor	: 2
vendor_id	: GenuineIntel
cpu family	: 6
model		: 69
model name	: Intel(R) Core(TM) i7-4500U CPU @ 1.80GHz
stepping	: 1
microcode	: 0x17
cpu MHz		: 1800.000
cache size	: 4096 KB
physical id	: 0
siblings	: 4
core id		: 1
cpu cores	: 2
apicid		: 2
initial apicid	: 2
fpu		: yes
fpu_exception	: yes
cpuid level	: 13
wp		: yes
flags		: fpu vme de pse tsc msr pae mce cx8 apic sep mtrr pge mca cmov pat pse36 clflush dts acpi mmx fxsr sse sse2 ss ht tm pbe syscall nx pdpe1gb rdtscp lm constant_tsc arch_perfmon pebs bts rep_good nopl xtopology nonstop_tsc aperfmperf eagerfpu pni pclmulqdq dtes64 monitor ds_cpl vmx est tm2 ssse3 fma cx16 xtpr pdcm pcid sse4_1 sse4_2 movbe popcnt tsc_deadline_timer aes xsave avx f16c rdrand lahf_lm abm ida arat epb xsaveopt pln pts dtherm tpr_shadow vnmi flexpriority ept vpid fsgsbase tsc_adjust bmi1 avx2 smep bmi2 erms invpcid
bogomips	: 4789.16
clflush size	: 64
cache_alignment	: 64
address sizes	: 39 bits physical, 48 bits virtual
power management:

processor	: 3
vendor_id	: GenuineIntel
cpu family	: 6
model		: 69
model name	: Intel(R) Core(TM) i7-4500U CPU @ 1.80GHz
stepping	: 1
microcode	: 0x17
cpu MHz		: 1800.000
cache size	: 4096 KB
physical id	: 0
siblings	: 4
core id		: 1
cpu cores	: 2
apicid		: 3
initial apicid	: 3
fpu		: yes
fpu_exception	: yes
cpuid level	: 13
wp		: yes
flags		: fpu vme de pse tsc msr pae mce cx8 apic sep mtrr pge mca cmov pat pse36 clflush dts acpi mmx fxsr sse sse2 ss ht tm pbe syscall nx pdpe1gb rdtscp lm constant_tsc arch_perfmon pebs bts rep_good nopl xtopology nonstop_tsc aperfmperf eagerfpu pni pclmulqdq dtes64 monitor ds_cpl vmx est tm2 ssse3 fma cx16 xtpr pdcm pcid sse4_1 sse4_2 movbe popcnt tsc_deadline_timer aes xsave avx f16c rdrand lahf_lm abm ida arat epb xsaveopt pln pts dtherm tpr_shadow vnmi flexpriority ept vpid fsgsbase tsc_adjust bmi1 avx2 smep bmi2 erms invpcid
bogomips	: 4789.16
clflush size	: 64
cache_alignment	: 64
address sizes	: 39 bits physical, 48 bits virtual
power management:



Memory: 4k page, physical 16319992k(6952760k free), swap 9764860k(7665992k free)

vm_info: Java HotSpot(TM) 64-Bit Server VM (25.20-b23) for linux-amd64 JRE (1.8.0_20-b26), built on Jul 30 2014 13:13:52 by "java_re" with gcc 4.3.0 20080428 (Red Hat 4.3.0-8)

time: Thu Nov 27 23:36:26 2014
elapsed time: 19140 seconds (0d 5h 19m 0s)

